# JRE version: OpenJDK Runtime Environment Temurin-21.0.9+10 (21.0.9+10) (build 21.0.9+10-LTS)
# Java VM: OpenJDK 64-Bit Server VM Temurin-21.0.9+10 (21.0.9+10-LTS, mixed mode, sharing, tiered, compressed oops, compressed class ptrs, parallel gc, windows-amd64)
GC Precious Log:
 CardTable entry size: 512
 CPUs: 2 total, 2 available
 Memory: 8004M
 Large Page Support: Disabled
 NUMA Support: Disabled
 Compressed Oops: Enabled (32-bit)
 Alignments: Space 512K, Generation 512K, Heap 2M
 Heap Min Capacity: 100M
 Heap Initial Capacity: 100M
 Heap Max Capacity: 2G
 Pre-touch: Disabled
 Parallel Workers: 2
Heap:
 PSYoungGen      total 9216K, used 6989K [0x00000000d5580000, 0x00000000d6000000, 0x0000000100000000)
  eden space 7680K, 75% used [0x00000000d5580000,0x00000000d5b211e0,0x00000000d5d00000)
  from space 1536K, 79% used [0x00000000d5d00000,0x00000000d5e325d8,0x00000000d5e80000)
  to   space 1536K, 0% used [0x00000000d5e80000,0x00000000d5e80000,0x00000000d6000000)
 ParOldGen       total 186368K, used 186309K [0x0000000080000000, 0x000000008b600000, 0x00000000d5580000)
  object space 186368K, 99% used [0x0000000080000000,0x000000008b5f1650,0x000000008b600000)
 Metaspace       used 69993K, committed 71360K, reserved 1114112K
  class space    used 7319K, committed 7872K, reserved 1048576K
GC Heap History (20 events):
Event: 186.444 GC heap before
{Heap before GC invocations=162 (full 3):
 PSYoungGen      total 9216K, used 9006K [0x00000000d5580000, 0x00000000d6000000, 0x0000000100000000)
  eden space 7680K, 100% used [0x00000000d5580000,0x00000000d5d00000,0x00000000d5d00000)
  from space 1536K, 86% used [0x00000000d5e80000,0x00000000d5fcba00,0x00000000d6000000)
  to   space 1536K, 0% used [0x00000000d5d00000,0x00000000d5d00000,0x00000000d5e80000)
 ParOldGen       total 173568K, used 173244K [0x0000000080000000, 0x000000008a980000, 0x00000000d5580000)
  object space 173568K, 99% used [0x0000000080000000,0x000000008a92f148,0x000000008a980000)
 Metaspace       used 69993K, committed 71360K, reserved 1114112K
  class space    used 7319K, committed 7872K, reserved 1048576K
}
Event: 186.449 GC heap after
{Heap after GC invocations=162 (full 3):
 PSYoungGen      total 9216K, used 1206K [0x00000000d5580000, 0x00000000d6000000, 0x0000000100000000)
  eden space 7680K, 0% used [0x00000000d5580000,0x00000000d5580000,0x00000000d5d00000)
  from space 1536K, 78% used [0x00000000d5d00000,0x00000000d5e2d9b8,0x00000000d5e80000)
  to   space 1536K, 0% used [0x00000000d5e80000,0x00000000d5e80000,0x00000000d6000000)
 ParOldGen       total 174592K, used 174465K [0x0000000080000000, 0x000000008aa80000, 0x00000000d5580000)
  object space 174592K, 99% used [0x0000000080000000,0x000000008aa60428,0x000000008aa80000)
 Metaspace       used 69993K, committed 71360K, reserved 1114112K
  class space    used 7319K, committed 7872K, reserved 1048576K
}
Event: 186.496 GC heap before
{Heap before GC invocations=163 (full 3):
 PSYoungGen      total 9216K, used 8886K [0x00000000d5580000, 0x00000000d6000000, 0x0000000100000000)
  eden space 7680K, 100% used [0x00000000d5580000,0x00000000d5d00000,0x00000000d5d00000)
  from space 1536K, 78% used [0x00000000d5d00000,0x00000000d5e2d9b8,0x00000000d5e80000)
  to   space 1536K, 0% used [0x00000000d5e80000,0x00000000d5e80000,0x00000000d6000000)
 ParOldGen       total 174592K, used 174465K [0x0000000080000000, 0x000000008aa80000, 0x00000000d5580000)
  object space 174592K, 99% used [0x0000000080000000,0x000000008aa60428,0x000000008aa80000)
 Metaspace       used 69993K, committed 71360K, reserved 1114112K
  class space    used 7319K, committed 7872K, reserved 1048576K
}
Event: 186.501 GC heap after
{Heap after GC invocations=163 (full 3):
 PSYoungGen      total 9216K, used 1233K [0x00000000d5580000, 0x00000000d6000000, 0x0000000100000000)
  eden space 7680K, 0% used [0x00000000d5580000,0x00000000d5580000,0x00000000d5d00000)
  from space 1536K, 80% used [0x00000000d5e80000,0x00000000d5fb46c8,0x00000000d6000000)
  to   space 1536K, 0% used [0x00000000d5d00000,0x00000000d5d00000,0x00000000d5e80000)
 ParOldGen       total 175616K, used 175615K [0x0000000080000000, 0x000000008ab80000, 0x00000000d5580000)
  object space 175616K, 99% used [0x0000000080000000,0x000000008ab7ff38,0x000000008ab80000)
 Metaspace       used 69993K, committed 71360K, reserved 1114112K
  class space    used 7319K, committed 7872K, reserved 1048576K
}
Event: 186.566 GC heap before
{Heap before GC invocations=164 (full 3):
 PSYoungGen      total 9216K, used 8908K [0x00000000d5580000, 0x00000000d6000000, 0x0000000100000000)
  eden space 7680K, 99% used [0x00000000d5580000,0x00000000d5cfe948,0x00000000d5d00000)
  from space 1536K, 80% used [0x00000000d5e80000,0x00000000d5fb46c8,0x00000000d6000000)
  to   space 1536K, 0% used [0x00000000d5d00000,0x00000000d5d00000,0x00000000d5e80000)
 ParOldGen       total 175616K, used 175615K [0x0000000080000000, 0x000000008ab80000, 0x00000000d5580000)
  object space 175616K, 99% used [0x0000000080000000,0x000000008ab7ff38,0x000000008ab80000)
 Metaspace       used 69993K, committed 71360K, reserved 1114112K
  class space    used 7319K, committed 7872K, reserved 1048576K
}
Event: 186.571 GC heap after
{Heap after GC invocations=164 (full 3):
 PSYoungGen      total 9216K, used 1184K [0x00000000d5580000, 0x00000000d6000000, 0x0000000100000000)
  eden space 7680K, 0% used [0x00000000d5580000,0x00000000d5580000,0x00000000d5d00000)
  from space 1536K, 77% used [0x00000000d5d00000,0x00000000d5e28000,0x00000000d5e80000)
  to   space 1536K, 0% used [0x00000000d5e80000,0x00000000d5e80000,0x00000000d6000000)
 ParOldGen       total 177152K, used 176801K [0x0000000080000000, 0x000000008ad00000, 0x00000000d5580000)
  object space 177152K, 99% used [0x0000000080000000,0x000000008aca8450,0x000000008ad00000)
 Metaspace       used 69993K, committed 71360K, reserved 1114112K
  class space    used 7319K, committed 7872K, reserved 1048576K
}
Event: 186.625 GC heap before
{Heap before GC invocations=165 (full 3):
 PSYoungGen      total 9216K, used 8864K [0x00000000d5580000, 0x00000000d6000000, 0x0000000100000000)
  eden space 7680K, 100% used [0x00000000d5580000,0x00000000d5d00000,0x00000000d5d00000)
  from space 1536K, 77% used [0x00000000d5d00000,0x00000000d5e28000,0x00000000d5e80000)
  to   space 1536K, 0% used [0x00000000d5e80000,0x00000000d5e80000,0x00000000d6000000)
 ParOldGen       total 177152K, used 176801K [0x0000000080000000, 0x000000008ad00000, 0x00000000d5580000)
  object space 177152K, 99% used [0x0000000080000000,0x000000008aca8450,0x000000008ad00000)
 Metaspace       used 69993K, committed 71360K, reserved 1114112K
  class space    used 7319K, committed 7872K, reserved 1048576K
}
Event: 186.632 GC heap after
{Heap after GC invocations=165 (full 3):
 PSYoungGen      total 9216K, used 1216K [0x00000000d5580000, 0x00000000d6000000, 0x0000000100000000)
  eden space 7680K, 0% used [0x00000000d5580000,0x00000000d5580000,0x00000000d5d00000)
  from space 1536K, 79% used [0x00000000d5e80000,0x00000000d5fb0000,0x00000000d6000000)
  to   space 1536K, 0% used [0x00000000d5d00000,0x00000000d5d00000,0x00000000d5e80000)
 ParOldGen       total 178176K, used 177954K [0x0000000080000000, 0x000000008ae00000, 0x00000000d5580000)
  object space 178176K, 99% used [0x0000000080000000,0x000000008adc8870,0x000000008ae00000)
 Metaspace       used 69993K, committed 71360K, reserved 1114112K
  class space    used 7319K, committed 7872K, reserved 1048576K
}
Event: 186.679 GC heap before
{Heap before GC invocations=166 (full 3):
 PSYoungGen      total 9216K, used 8896K [0x00000000d5580000, 0x00000000d6000000, 0x0000000100000000)
  eden space 7680K, 100% used [0x00000000d5580000,0x00000000d5d00000,0x00000000d5d00000)
  from space 1536K, 79% used [0x00000000d5e80000,0x00000000d5fb0000,0x00000000d6000000)
  to   space 1536K, 0% used [0x00000000d5d00000,0x00000000d5d00000,0x00000000d5e80000)
 ParOldGen       total 178176K, used 177954K [0x0000000080000000, 0x000000008ae00000, 0x00000000d5580000)
  object space 178176K, 99% used [0x0000000080000000,0x000000008adc8870,0x000000008ae00000)
 Metaspace       used 69993K, committed 71360K, reserved 1114112K
  class space    used 7319K, committed 7872K, reserved 1048576K
}
Event: 186.687 GC heap after
{Heap after GC invocations=166 (full 3):
 PSYoungGen      total 9216K, used 1190K [0x00000000d5580000, 0x00000000d6000000, 0x0000000100000000)
  eden space 7680K, 0% used [0x00000000d5580000,0x00000000d5580000,0x00000000d5d00000)
  from space 1536K, 77% used [0x00000000d5d00000,0x00000000d5e299b0,0x00000000d5e80000)
  to   space 1536K, 0% used [0x00000000d5e80000,0x00000000d5e80000,0x00000000d6000000)
 ParOldGen       total 179200K, used 179133K [0x0000000080000000, 0x000000008af00000, 0x00000000d5580000)
  object space 179200K, 99% used [0x0000000080000000,0x000000008aeef6b0,0x000000008af00000)
 Metaspace       used 69993K, committed 71360K, reserved 1114112K
  class space    used 7319K, committed 7872K, reserved 1048576K
}
Event: 186.735 GC heap before
{Heap before GC invocations=167 (full 3):
 PSYoungGen      total 9216K, used 8870K [0x00000000d5580000, 0x00000000d6000000, 0x0000000100000000)
  eden space 7680K, 100% used [0x00000000d5580000,0x00000000d5d00000,0x00000000d5d00000)
  from space 1536K, 77% used [0x00000000d5d00000,0x00000000d5e299b0,0x00000000d5e80000)
  to   space 1536K, 0% used [0x00000000d5e80000,0x00000000d5e80000,0x00000000d6000000)
 ParOldGen       total 179200K, used 179133K [0x0000000080000000, 0x000000008af00000, 0x00000000d5580000)
  object space 179200K, 99% used [0x0000000080000000,0x000000008aeef6b0,0x000000008af00000)
 Metaspace       used 69993K, committed 71360K, reserved 1114112K
  class space    used 7319K, committed 7872K, reserved 1048576K
}
Event: 186.743 GC heap after
{Heap after GC invocations=167 (full 3):
 PSYoungGen      total 9216K, used 1197K [0x00000000d5580000, 0x00000000d6000000, 0x0000000100000000)
  eden space 7680K, 0% used [0x00000000d5580000,0x00000000d5580000,0x00000000d5d00000)
  from space 1536K, 77% used [0x00000000d5e80000,0x00000000d5fab6c0,0x00000000d6000000)
  to   space 1536K, 0% used [0x00000000d5d00000,0x00000000d5d00000,0x00000000d5e80000)
 ParOldGen       total 180736K, used 180293K [0x0000000080000000, 0x000000008b080000, 0x00000000d5580000)
  object space 180736K, 99% used [0x0000000080000000,0x000000008b0116d8,0x000000008b080000)
 Metaspace       used 69993K, committed 71360K, reserved 1114112K
  class space    used 7319K, committed 7872K, reserved 1048576K
}
Event: 186.797 GC heap before
{Heap before GC invocations=168 (full 3):
 PSYoungGen      total 9216K, used 8877K [0x00000000d5580000, 0x00000000d6000000, 0x0000000100000000)
  eden space 7680K, 100% used [0x00000000d5580000,0x00000000d5d00000,0x00000000d5d00000)
  from space 1536K, 77% used [0x00000000d5e80000,0x00000000d5fab6c0,0x00000000d6000000)
  to   space 1536K, 0% used [0x00000000d5d00000,0x00000000d5d00000,0x00000000d5e80000)
 ParOldGen       total 180736K, used 180293K [0x0000000080000000, 0x000000008b080000, 0x00000000d5580000)
  object space 180736K, 99% used [0x0000000080000000,0x000000008b0116d8,0x000000008b080000)
 Metaspace       used 69993K, committed 71360K, reserved 1114112K
  class space    used 7319K, committed 7872K, reserved 1048576K
}
Event: 186.806 GC heap after
{Heap after GC invocations=168 (full 3):
 PSYoungGen      total 9216K, used 1231K [0x00000000d5580000, 0x00000000d6000000, 0x0000000100000000)
  eden space 7680K, 0% used [0x00000000d5580000,0x00000000d5580000,0x00000000d5d00000)
  from space 1536K, 80% used [0x00000000d5d00000,0x00000000d5e33e60,0x00000000d5e80000)
  to   space 1536K, 0% used [0x00000000d5e80000,0x00000000d5e80000,0x00000000d6000000)
 ParOldGen       total 181760K, used 181460K [0x0000000080000000, 0x000000008b180000, 0x00000000d5580000)
  object space 181760K, 99% used [0x0000000080000000,0x000000008b1353b8,0x000000008b180000)
 Metaspace       used 69993K, committed 71360K, reserved 1114112K
  class space    used 7319K, committed 7872K, reserved 1048576K
}
Event: 186.855 GC heap before
{Heap before GC invocations=169 (full 3):
 PSYoungGen      total 9216K, used 8911K [0x00000000d5580000, 0x00000000d6000000, 0x0000000100000000)
  eden space 7680K, 100% used [0x00000000d5580000,0x00000000d5d00000,0x00000000d5d00000)
  from space 1536K, 80% used [0x00000000d5d00000,0x00000000d5e33e60,0x00000000d5e80000)
  to   space 1536K, 0% used [0x00000000d5e80000,0x00000000d5e80000,0x00000000d6000000)
 ParOldGen       total 181760K, used 181460K [0x0000000080000000, 0x000000008b180000, 0x00000000d5580000)
  object space 181760K, 99% used [0x0000000080000000,0x000000008b1353b8,0x000000008b180000)
 Metaspace       used 69993K, committed 71360K, reserved 1114112K
  class space    used 7319K, committed 7872K, reserved 1048576K
}
Event: 186.863 GC heap after
{Heap after GC invocations=169 (full 3):
 PSYoungGen      total 9216K, used 1255K [0x00000000d5580000, 0x00000000d6000000, 0x0000000100000000)
  eden space 7680K, 0% used [0x00000000d5580000,0x00000000d5580000,0x00000000d5d00000)
  from space 1536K, 81% used [0x00000000d5e80000,0x00000000d5fb9d80,0x00000000d6000000)
  to   space 1536K, 0% used [0x00000000d5d00000,0x00000000d5d00000,0x00000000d5e80000)
 ParOldGen       total 182784K, used 182673K [0x0000000080000000, 0x000000008b280000, 0x00000000d5580000)
  object space 182784K, 99% used [0x0000000080000000,0x000000008b2646d8,0x000000008b280000)
 Metaspace       used 69993K, committed 71360K, reserved 1114112K
  class space    used 7319K, committed 7872K, reserved 1048576K
}
Event: 186.910 GC heap before
{Heap before GC invocations=170 (full 3):
 PSYoungGen      total 9216K, used 8935K [0x00000000d5580000, 0x00000000d6000000, 0x0000000100000000)
  eden space 7680K, 100% used [0x00000000d5580000,0x00000000d5d00000,0x00000000d5d00000)
  from space 1536K, 81% used [0x00000000d5e80000,0x00000000d5fb9d80,0x00000000d6000000)
  to   space 1536K, 0% used [0x00000000d5d00000,0x00000000d5d00000,0x00000000d5e80000)
 ParOldGen       total 182784K, used 182673K [0x0000000080000000, 0x000000008b280000, 0x00000000d5580000)
  object space 182784K, 99% used [0x0000000080000000,0x000000008b2646d8,0x000000008b280000)
 Metaspace       used 69993K, committed 71360K, reserved 1114112K
  class space    used 7319K, committed 7872K, reserved 1048576K
}
Event: 186.916 GC heap after
{Heap after GC invocations=170 (full 3):
 PSYoungGen      total 9216K, used 1264K [0x00000000d5580000, 0x00000000d6000000, 0x0000000100000000)
  eden space 7680K, 0% used [0x00000000d5580000,0x00000000d5580000,0x00000000d5d00000)
  from space 1536K, 82% used [0x00000000d5d00000,0x00000000d5e3c0f0,0x00000000d5e80000)
  to   space 1536K, 0% used [0x00000000d5e80000,0x00000000d5e80000,0x00000000d6000000)
 ParOldGen       total 184320K, used 183890K [0x0000000080000000, 0x000000008b400000, 0x00000000d5580000)
  object space 184320K, 99% used [0x0000000080000000,0x000000008b394848,0x000000008b400000)
 Metaspace       used 69993K, committed 71360K, reserved 1114112K
  class space    used 7319K, committed 7872K, reserved 1048576K
}
Event: 186.961 GC heap before
{Heap before GC invocations=171 (full 3):
 PSYoungGen      total 9216K, used 8944K [0x00000000d5580000, 0x00000000d6000000, 0x0000000100000000)
  eden space 7680K, 100% used [0x00000000d5580000,0x00000000d5d00000,0x00000000d5d00000)
  from space 1536K, 82% used [0x00000000d5d00000,0x00000000d5e3c0f0,0x00000000d5e80000)
  to   space 1536K, 0% used [0x00000000d5e80000,0x00000000d5e80000,0x00000000d6000000)
 ParOldGen       total 184320K, used 183890K [0x0000000080000000, 0x000000008b400000, 0x00000000d5580000)
  object space 184320K, 99% used [0x0000000080000000,0x000000008b394848,0x000000008b400000)
 Metaspace       used 69993K, committed 71360K, reserved 1114112K
  class space    used 7319K, committed 7872K, reserved 1048576K
}
Event: 186.972 GC heap after
{Heap after GC invocations=171 (full 3):
 PSYoungGen      total 9216K, used 1240K [0x00000000d5580000, 0x00000000d6000000, 0x0000000100000000)
  eden space 7680K, 0% used [0x00000000d5580000,0x00000000d5580000,0x00000000d5d00000)
  from space 1536K, 80% used [0x00000000d5e80000,0x00000000d5fb62b0,0x00000000d6000000)
  to   space 1536K, 0% used [0x00000000d5d00000,0x00000000d5d00000,0x00000000d5e80000)
 ParOldGen       total 185344K, used 185102K [0x0000000080000000, 0x000000008b500000, 0x00000000d5580000)
  object space 185344K, 99% used [0x0000000080000000,0x000000008b4c3888,0x000000008b500000)
 Metaspace       used 69993K, committed 71360K, reserved 1114112K
  class space    used 7319K, committed 7872K, reserved 1048576K
}

